Arguments: 
  C:\Program Files\nodejs\node.exe C:\Users\KoalaKhoi\AppData\Roaming\npm\node_modules\yarn\bin\yarn.js

PATH: 
  C:\WINDOWS\system32;C:\WINDOWS;C:\WINDOWS\System32\Wbem;C:\WINDOWS\System32\WindowsPowerShell\v1.0\;C:\Program Files\Git\cmd;C:\Program Files\nodejs\;C:\WINDOWS\System32\OpenSSH\;C:\Program Files\dotnet\;C:\Program Files\Microsoft SQL Server\130\Tools\Binn\;C:\Program Files\Microsoft SQL Server\Client SDK\ODBC\170\Tools\Binn\;C:\Users\KoalaKhoi\AppData\Local\Programs\Microsoft VS Code\bin;C:\Users\KoalaKhoi\AppData\Roaming\npm;C:\Users\KoalaKhoi\AppData\Local\Microsoft\WindowsApps;C:\Users\KoalaKhoi\.dotnet\tools

Yarn version: 
  1.22.10

Node version: 
  14.17.1

Platform: 
  win32 x64

Trace: 
  Error: https://registry.yarnpkg.com/@material-ui/icons/-/icons-4.11.2.tgz: ESOCKETTIMEDOUT
      at ClientRequest.<anonymous> (C:\Users\KoalaKhoi\AppData\Roaming\npm\node_modules\yarn\lib\cli.js:141289:19)
      at Object.onceWrapper (events.js:481:28)
      at ClientRequest.emit (events.js:375:28)
      at TLSSocket.emitRequestTimeout (_http_client.js:790:9)
      at Object.onceWrapper (events.js:481:28)
      at TLSSocket.emit (events.js:387:35)
      at TLSSocket.Socket._onTimeout (net.js:484:8)
      at listOnTimeout (internal/timers.js:557:17)
      at processTimers (internal/timers.js:500:7)

npm manifest: 
  {
    "name": "rjsmStudio.FrontEnd",
    "version": "1.0.0",
    "description": "",
    "main": "index.js",
    "scripts": {
      "test": "echo \"Error: no test specified\" && exit 1",
      "start": "webpack serve --mode development --open",
      "dev": "webpack serve --mode development",
      "build": "webpack serve --mode production"
    },
    "keywords": [],
    "author": "",
    "license": "ISC",
    "devDependencies": {
      "@babel/core": "^7.13.15",
      "@babel/plugin-proposal-class-properties": "^7.13.0",
      "@babel/plugin-transform-react-jsx": "^7.13.12",
      "@babel/plugin-transform-runtime": "^7.13.15",
      "@babel/preset-env": "^7.13.15",
      "@babel/preset-react": "^7.13.13",
      "axios": "^0.21.1",
      "babel-loader": "^8.2.2",
      "crypto-js": "^4.0.0",
      "clean-webpack-plugin": "^4.0.0-alpha.0",
      "css-loader": "^5.2.1",
      "dotenv-webpack": "^7.0.3",
      "eslint-import-resolver-alias": "^1.1.2",
      "eslint-plugin-import": "^2.22.1",
      "file-loader": "^6.2.0",
      "html-webpack-plugin": "^5.3.1",
      "mini-css-extract-plugin": "^1.4.1",
      "node-sass": "^5.0.0",
      "path": "^0.12.7",
      "sass-loader": "^11.0.1",
      "sass-resources-loader": "^2.2.1",
      "style-loader": "^2.0.0",
      "uglifyjs-webpack-plugin": "^2.2.0",
      "webpack": "^5.33.2",
      "webpack-cli": "^4.6.0",
      "webpack-dev-server": "^3.11.2"
    },
    "dependencies": {
      "@material-ui/core": "^4.11.4",
      "@material-ui/data-grid": "^4.0.0-alpha.31",
      "@material-ui/icons": "^4.11.2",
      "@material-ui/lab": "^4.0.0-alpha.58",
      "@reduxjs/toolkit": "^1.5.1",
      "formik": "^2.2.9",
      "i18next": "^20.2.2",
      "i18next-browser-languagedetector": "^6.1.1",
      "i18next-http-backend": "^1.2.2",
      "jquery": "^3.6.0",
      "popper.js": "^1.16.1",
      "react": "^17.0.2",
      "react-dom": "^17.0.2",
      "react-i18next": "^11.8.15",
      "react-loadable": "^5.5.0",
      "react-redux": "^7.2.4",
      "react-router-dom": "^5.2.0",
      "redux": "^4.1.0",
      "redux-devtools-extension": "^2.13.9",
      "redux-thunk": "^2.3.0",
      "yarn": "^1.22.10",
      "yup": "^0.32.9"
    }
  }

yarn manifest: 
  No manifest

Lockfile: 
  No lockfile
